<?xml version="1.0" encoding="UTF-8"?>
<!-- Generated by org.testng.reporters.JUnitReportReporter -->
<testsuite hostname="ip-172-31-19-44" failures="0" tests="5" name="PizzaHutTestNGimplementation.pizzaHutTest" time="10.934" errors="0" timestamp="2024-06-19T06:32:03 UTC" skipped="0">
  <testcase classname="PizzaHutTestNGimplementation.pizzaHutTest" name="setLocation" time="10.159"/>
  <testcase classname="PizzaHutTestNGimplementation.pizzaHutTest" name="validateDealPage" time="0.009"/>
  <testcase classname="PizzaHutTestNGimplementation.pizzaHutTest" name="addSidesItem" time="0.008"/>
  <testcase classname="PizzaHutTestNGimplementation.pizzaHutTest" name="addDrinkItem" time="0.752"/>
  <testcase classname="PizzaHutTestNGimplementation.pizzaHutTest" name="checkoutProcess" time="0.006"/>
</testsuite> <!-- PizzaHutTestNGimplementation.pizzaHutTest -->
