<?xml version="1.0" encoding="UTF-8"?>
<!-- Generated by org.testng.reporters.JUnitReportReporter -->
<testsuite hostname="ip-172-31-19-44" failures="0" tests="5" name="PizzaHutTestNGimplementation.pizzaHutTest" time="17.289" errors="0" timestamp="2024-06-19T13:12:04 UTC" skipped="0">
  <testcase classname="PizzaHutTestNGimplementation.pizzaHutTest" name="setLocation" time="10.273"/>
  <testcase classname="PizzaHutTestNGimplementation.pizzaHutTest" name="validateDealPage" time="0.005"/>
  <testcase classname="PizzaHutTestNGimplementation.pizzaHutTest" name="addSidesItem" time="1.021"/>
  <testcase classname="PizzaHutTestNGimplementation.pizzaHutTest" name="addDrinkItem" time="2.148"/>
  <testcase classname="PizzaHutTestNGimplementation.pizzaHutTest" name="checkoutProcess" time="3.842"/>
</testsuite> <!-- PizzaHutTestNGimplementation.pizzaHutTest -->
